<?xml version="1.0" encoding="UTF-8"?>
<!-- Generated by org.testng.reporters.JUnitReportReporter -->
<testsuite hostname="DESKTOP-R4GTS98" failures="0" tests="10" name="tutorialsninja.tests.Login" time="171.677" errors="0" timestamp="2025-02-28T04:54:07 WIB" skipped="0">
  <testcase classname="tutorialsninja.tests.Login" name="verifyLoginWithValidCredentials" time="17.485"/>
  <testcase classname="tutorialsninja.tests.Login" name="verifyLoginWithInvalidCredentials" time="15.498"/>
  <testcase classname="tutorialsninja.tests.Login" name="verifyLoginWithInvalidEmailAndValidPassword" time="16.223"/>
  <testcase classname="tutorialsninja.tests.Login" name="verifyLoginWithValidEmailAndInvalidPassword" time="15.119"/>
  <testcase classname="tutorialsninja.tests.Login" name="verifyLoginWithoutCredentials" time="15.013"/>
  <testcase classname="tutorialsninja.tests.Login" name="verifyLoginWithInactiveCredentials" time="16.540"/>
  <testcase classname="tutorialsninja.tests.Login" name="verifyLoggingIntoApplicationAfterChangingPassword" time="27.980"/>
  <testcase classname="tutorialsninja.tests.Login" name="verifyCaseSensitivePasswordHandling" time="18.365"/>
  <testcase classname="tutorialsninja.tests.Login" name="verifyCopyingOfTextEnteredIntoPasswordField" time="14.106"/>
  <testcase classname="tutorialsninja.tests.Login" name="verifyLeadingAndTrailingSpacesWhileLoginAccount" time="15.348"/>
</testsuite> <!-- tutorialsninja.tests.Login -->
